TN:
SF:C:\Users\Aquiles\Projects\angular-testing\client\src\app\bootstrap\bootstrap.module.ts
FN:25,(anonymous_0)
FNF:1
FNH:1
FNDA:1,(anonymous_0)
DA:25,1
DA:26,1
LF:2
LH:2
BRF:0
BRH:0
end_of_record
TN:
SF:C:\Users\Aquiles\Projects\angular-testing\client\src\app\bootstrap\bootstrap.routing.ts
FNF:0
FNH:0
DA:3,1
LF:1
LH:1
BRF:0
BRH:0
end_of_record
TN:
SF:C:\Users\Aquiles\Projects\angular-testing\client\src\app\bootstrap\components\bootstrap.component.ts
FN:9,(anonymous_0)
FNF:1
FNH:1
FNDA:5,(anonymous_0)
DA:9,1
LF:1
LH:1
BRF:0
BRH:0
end_of_record
TN:
SF:C:\Users\Aquiles\Projects\angular-testing\client\src\app\bootstrap\components\index.ts
FNF:0
FNH:0
LF:0
LH:0
BRF:0
BRH:0
end_of_record
TN:
SF:C:\Users\Aquiles\Projects\angular-testing\client\src\app\core\interceptors\http-client\index.ts
FNF:0
FNH:0
LF:0
LH:0
BRF:0
BRH:0
end_of_record
TN:
SF:C:\Users\Aquiles\Projects\angular-testing\client\src\app\core\interceptors\http-client\interceptor-http-client.module.ts
FN:16,(anonymous_0)
FNF:1
FNH:1
FNDA:1,(anonymous_0)
DA:16,1
LF:1
LH:1
BRF:0
BRH:0
end_of_record
TN:
SF:C:\Users\Aquiles\Projects\angular-testing\client\src\app\core\interceptors\http-client\requests\index.ts
FNF:0
FNH:0
LF:0
LH:0
BRF:0
BRH:0
end_of_record
TN:
SF:C:\Users\Aquiles\Projects\angular-testing\client\src\app\core\interceptors\http-client\requests\interceptor-http-client-request.service.ts
FN:9,(anonymous_0)
FN:10,(anonymous_2)
FN:15,(anonymous_3)
FNF:3
FNH:3
FNDA:2,(anonymous_0)
FNDA:1,(anonymous_2)
FNDA:1,(anonymous_3)
DA:9,1
DA:10,1
DA:11,1
DA:13,1
DA:15,1
DA:17,1
LF:6
LH:6
BRF:0
BRH:0
end_of_record
TN:
SF:C:\Users\Aquiles\Projects\angular-testing\client\src\app\organizations\dashboard\index.ts
FNF:0
FNH:0
LF:0
LH:0
BRF:0
BRH:0
end_of_record
TN:
SF:C:\Users\Aquiles\Projects\angular-testing\client\src\app\organizations\dashboard\organization-dashboard.module.ts
FN:19,(anonymous_0)
FNF:1
FNH:1
FNDA:1,(anonymous_0)
DA:19,1
LF:1
LH:1
BRF:0
BRH:0
end_of_record
TN:
SF:C:\Users\Aquiles\Projects\angular-testing\client\src\app\organizations\dashboard\organization-dashboard.routing.ts
FNF:0
FNH:0
DA:4,1
LF:1
LH:1
BRF:0
BRH:0
end_of_record
TN:
SF:C:\Users\Aquiles\Projects\angular-testing\client\src\app\organizations\dashboard\components\index.ts
FNF:0
FNH:0
LF:0
LH:0
BRF:0
BRH:0
end_of_record
TN:
SF:C:\Users\Aquiles\Projects\angular-testing\client\src\app\organizations\dashboard\components\organization-dashboard.component.ts
FN:8,(anonymous_0)
FN:3,OrganizationDashboardComponent
FN:11,(anonymous_2)
FNF:3
FNH:3
FNDA:1,(anonymous_0)
FNDA:4,OrganizationDashboardComponent
FNDA:1,(anonymous_2)
DA:8,1
DA:9,4
DA:11,1
DA:12,1
DA:14,1
LF:5
LH:5
BRF:0
BRH:0
end_of_record
TN:
SF:C:\Users\Aquiles\Projects\angular-testing\client\src\app\organizations\dashboard\components\card\index.ts
FNF:0
FNH:0
LF:0
LH:0
BRF:0
BRH:0
end_of_record
TN:
SF:C:\Users\Aquiles\Projects\angular-testing\client\src\app\organizations\dashboard\components\card\organization-dashboard-card.component.ts
FN:9,(anonymous_0)
FN:3,OrganizationDashboardCardComponent
FNF:2
FNH:2
FNDA:1,(anonymous_0)
FNDA:7,OrganizationDashboardCardComponent
DA:9,1
DA:10,1
DA:12,7
DA:13,1
LF:4
LH:4
BRF:0
BRH:0
end_of_record
TN:
SF:C:\Users\Aquiles\Projects\angular-testing\client\src\app\organizations\list\index.ts
FNF:0
FNH:0
LF:0
LH:0
BRF:0
BRH:0
end_of_record
TN:
SF:C:\Users\Aquiles\Projects\angular-testing\client\src\app\organizations\list\organization-list.module.ts
FN:27,(anonymous_0)
FNF:1
FNH:1
FNDA:1,(anonymous_0)
DA:27,1
LF:1
LH:1
BRF:0
BRH:0
end_of_record
TN:
SF:C:\Users\Aquiles\Projects\angular-testing\client\src\app\organizations\list\organization-list.routing.ts
FNF:0
FNH:0
DA:4,1
LF:1
LH:1
BRF:0
BRH:0
end_of_record
TN:
SF:C:\Users\Aquiles\Projects\angular-testing\client\src\app\organizations\list\components\index.ts
FNF:0
FNH:0
LF:0
LH:0
BRF:0
BRH:0
end_of_record
TN:
SF:C:\Users\Aquiles\Projects\angular-testing\client\src\app\organizations\list\components\organization-list.component.ts
FN:9,(anonymous_0)
FN:12,OrganizationListComponent
FN:14,(anonymous_2)
FNF:3
FNH:3
FNDA:1,(anonymous_0)
FNDA:4,OrganizationListComponent
FNDA:6,(anonymous_2)
DA:9,1
DA:12,4
DA:14,1
DA:15,6
DA:17,1
LF:5
LH:5
BRF:0
BRH:0
end_of_record
TN:
SF:C:\Users\Aquiles\Projects\angular-testing\client\src\app\organizations\list\services\index.ts
FNF:0
FNH:0
LF:0
LH:0
BRF:0
BRH:0
end_of_record
TN:
SF:C:\Users\Aquiles\Projects\angular-testing\client\src\app\organizations\list\services\organization-list-remote.service.ts
FN:5,(anonymous_0)
FN:6,OrganizationListRemoteService
FN:8,(anonymous_2)
FNF:3
FNH:3
FNDA:1,(anonymous_0)
FNDA:2,OrganizationListRemoteService
FNDA:1,(anonymous_2)
DA:5,1
DA:6,2
DA:8,1
DA:9,1
DA:11,1
LF:5
LH:5
BRF:0
BRH:0
end_of_record
TN:
SF:C:\Users\Aquiles\Projects\angular-testing\client\src\app\organizations\list\services\organization-list.service.ts
FN:6,(anonymous_0)
FN:7,OrganizationListService
FN:9,(anonymous_2)
FNF:3
FNH:3
FNDA:1,(anonymous_0)
FNDA:2,OrganizationListService
FNDA:1,(anonymous_2)
DA:6,1
DA:7,2
DA:9,1
DA:10,1
DA:12,1
LF:5
LH:5
BRF:0
BRH:0
end_of_record
TN:
SF:C:\Users\Aquiles\Projects\angular-testing\client\src\app\pages\organizations\index.ts
FNF:0
FNH:0
LF:0
LH:0
BRF:0
BRH:0
end_of_record
TN:
SF:C:\Users\Aquiles\Projects\angular-testing\client\src\app\pages\organizations\organization.module.ts
FN:19,(anonymous_0)
FNF:1
FNH:1
FNDA:1,(anonymous_0)
DA:19,1
LF:1
LH:1
BRF:0
BRH:0
end_of_record
TN:
SF:C:\Users\Aquiles\Projects\angular-testing\client\src\app\pages\organizations\organization.routing.ts
FNF:0
FNH:0
DA:4,1
LF:1
LH:1
BRF:0
BRH:0
end_of_record
TN:
SF:C:\Users\Aquiles\Projects\angular-testing\client\src\app\pages\organizations\components\index.ts
FNF:0
FNH:0
LF:0
LH:0
BRF:0
BRH:0
end_of_record
TN:
SF:C:\Users\Aquiles\Projects\angular-testing\client\src\app\pages\organizations\components\organization.component.ts
FN:8,(anonymous_0)
FNF:1
FNH:1
FNDA:4,(anonymous_0)
DA:8,1
LF:1
LH:1
BRF:0
BRH:0
end_of_record
TN:
SF:C:\Users\Aquiles\Projects\angular-testing\client\src\app\pages\organizations\components\menu\index.ts
FNF:0
FNH:0
LF:0
LH:0
BRF:0
BRH:0
end_of_record
TN:
SF:C:\Users\Aquiles\Projects\angular-testing\client\src\app\pages\organizations\components\menu\organization-menu.component.ts
FN:8,(anonymous_0)
FNF:1
FNH:1
FNDA:3,(anonymous_0)
DA:8,1
LF:1
LH:1
BRF:0
BRH:0
end_of_record
TN:
SF:C:\Users\Aquiles\Projects\angular-testing\client\src\app\shared\pipes\filter\filter-by.pipe.ts
FN:7,(anonymous_0)
FN:3,FilterByPipe
FN:12,(anonymous_2)
FN:13,(anonymous_3)
FN:16,(anonymous_4)
FN:17,(anonymous_5)
FN:20,(anonymous_6)
FN:8,(anonymous_7)
FNF:8
FNH:8
FNDA:1,(anonymous_0)
FNDA:5,FilterByPipe
FNDA:7,(anonymous_2)
FNDA:21,(anonymous_3)
FNDA:2,(anonymous_4)
FNDA:6,(anonymous_5)
FNDA:6,(anonymous_6)
FNDA:9,(anonymous_7)
DA:3,5
DA:7,1
DA:8,1
DA:9,9
DA:12,5
DA:13,7
DA:14,21
DA:16,5
DA:17,2
DA:18,6
DA:20,5
DA:21,6
DA:22,1
LF:13
LH:13
BRDA:9,0,0,9
BRDA:9,0,1,9
BRDA:9,1,0,2
BRDA:9,1,1,7
BRF:4
BRH:4
end_of_record
TN:
SF:C:\Users\Aquiles\Projects\angular-testing\client\src\app\shared\pipes\filter\index.ts
FNF:0
FNH:0
LF:0
LH:0
BRF:0
BRH:0
end_of_record
TN:
SF:C:\Users\Aquiles\Projects\angular-testing\client\src\app\shared\pipes\filter\tests\mocks\filter-by-host.component.mock.ts
FN:7,(anonymous_0)
FNF:1
FNH:1
FNDA:6,(anonymous_0)
DA:7,1
DA:12,1
LF:2
LH:2
BRF:0
BRH:0
end_of_record
TN:
SF:C:\Users\Aquiles\Projects\angular-testing\client\src\environments\environment.ts
FNF:0
FNH:0
DA:1,1
LF:1
LH:1
BRF:0
BRH:0
end_of_record
